{"contracts/DAPP.sol":{"l":{"7":1,"9":1,"10":1,"11":1},"path":"/home/hayek/proj/fundraiser_audit/contracts/DAPP.sol","s":{"1":1,"2":1,"3":1,"4":1},"b":{},"f":{"1":1},"fnMap":{"1":{"name":"DAPP","line":6,"loc":{"start":{"line":6,"column":4},"end":{"line":6,"column":24}}}},"statementMap":{"1":{"start":{"line":7,"column":4},"end":{"line":7,"column":30}},"2":{"start":{"line":9,"column":4},"end":{"line":9,"column":54}},"3":{"start":{"line":10,"column":4},"end":{"line":10,"column":53}},"4":{"start":{"line":11,"column":4},"end":{"line":11,"column":39}}},"branchMap":{}},"contracts/dapp/Asset.sol":{"l":{"7":0,"11":0},"path":"/home/hayek/proj/fundraiser_audit/contracts/dapp/Asset.sol","s":{"1":0,"2":0},"b":{},"f":{"1":0,"2":0},"fnMap":{"1":{"name":"name","line":6,"loc":{"start":{"line":6,"column":2},"end":{"line":6,"column":54}}},"2":{"name":"symbol","line":10,"loc":{"start":{"line":10,"column":2},"end":{"line":10,"column":58}}}},"statementMap":{"1":{"start":{"line":7,"column":4},"end":{"line":7,"column":25}},"2":{"start":{"line":11,"column":4},"end":{"line":11,"column":18}}},"branchMap":{}},"contracts/dapp/Core.sol":{"l":{"25":0,"27":0,"28":0,"29":0,"40":0,"41":0,"43":0,"45":0,"46":0,"47":0,"49":0,"61":0,"62":0,"64":0,"66":0,"67":0,"68":0,"70":0,"81":0,"84":0,"85":0,"88":0,"90":0,"91":0,"93":0,"95":0,"97":0,"99":0,"104":0,"105":0,"107":0,"109":0,"114":0,"115":0,"116":0,"117":0,"119":0,"121":0,"126":0,"127":0,"128":0,"129":0,"131":0,"132":0,"133":0,"135":0,"140":0},"path":"/home/hayek/proj/fundraiser_audit/contracts/dapp/Core.sol","s":{"1":0,"2":0,"3":0,"4":0,"5":0,"6":0,"7":0,"8":0,"9":0,"10":0,"11":0,"12":0,"13":0,"14":0,"15":0,"16":0,"17":0,"18":0,"19":0,"20":0,"21":0,"22":0,"23":0,"24":0,"25":0,"26":0,"27":0,"28":0,"29":0,"30":0,"31":0,"32":0,"33":0,"34":0,"35":0,"36":0,"37":0,"38":0,"39":0,"40":0,"41":0,"42":0,"43":0,"44":0,"45":0},"b":{"1":[0,0],"2":[0,0],"3":[0,0],"4":[0,0],"5":[0,0],"6":[0,0],"7":[0,0],"8":[0,0],"9":[0,0],"10":[0,0],"11":[0,0],"12":[0,0],"13":[0,0],"14":[0,0],"15":[0,0],"16":[0,0],"17":[0,0],"18":[0,0],"19":[0,0],"20":[0,0],"21":[0,0],"22":[0,0]},"f":{"1":0,"2":0,"3":0,"4":0,"5":0,"6":0,"7":0,"8":0},"fnMap":{"1":{"name":"createCampaign","line":17,"loc":{"start":{"line":17,"column":2},"end":{"line":24,"column":3}}},"2":{"name":"createCertificate","line":32,"loc":{"start":{"line":32,"column":2},"end":{"line":39,"column":3}}},"3":{"name":"updateCertificate","line":52,"loc":{"start":{"line":52,"column":2},"end":{"line":60,"column":3}}},"4":{"name":"createToken","line":73,"loc":{"start":{"line":73,"column":2},"end":{"line":80,"column":3}}},"5":{"name":"readyCampaign","line":103,"loc":{"start":{"line":103,"column":2},"end":{"line":103,"column":52}}},"6":{"name":"activateCampaign","line":113,"loc":{"start":{"line":113,"column":2},"end":{"line":113,"column":65}}},"7":{"name":"vetoCampaign","line":125,"loc":{"start":{"line":125,"column":2},"end":{"line":125,"column":62}}},"8":{"name":"changeEscrowAmount","line":139,"loc":{"start":{"line":139,"column":2},"end":{"line":139,"column":76}}}},"statementMap":{"1":{"start":{"line":25,"column":4},"end":{"line":25,"column":45}},"2":{"start":{"line":27,"column":4},"end":{"line":27,"column":74}},"3":{"start":{"line":28,"column":4},"end":{"line":28,"column":86}},"4":{"start":{"line":29,"column":4},"end":{"line":29,"column":21}},"5":{"start":{"line":40,"column":4},"end":{"line":40,"column":59}},"6":{"start":{"line":41,"column":4},"end":{"line":41,"column":27}},"7":{"start":{"line":43,"column":4},"end":{"line":43,"column":53}},"8":{"start":{"line":45,"column":4},"end":{"line":45,"column":36}},"9":{"start":{"line":46,"column":4},"end":{"line":46,"column":34}},"10":{"start":{"line":47,"column":4},"end":{"line":47,"column":35}},"11":{"start":{"line":49,"column":4},"end":{"line":49,"column":66}},"12":{"start":{"line":61,"column":4},"end":{"line":61,"column":59}},"13":{"start":{"line":62,"column":4},"end":{"line":62,"column":27}},"14":{"start":{"line":64,"column":4},"end":{"line":64,"column":53}},"15":{"start":{"line":66,"column":4},"end":{"line":66,"column":36}},"16":{"start":{"line":67,"column":4},"end":{"line":67,"column":34}},"17":{"start":{"line":68,"column":4},"end":{"line":68,"column":35}},"18":{"start":{"line":70,"column":4},"end":{"line":70,"column":83}},"19":{"start":{"line":81,"column":4},"end":{"line":81,"column":53}},"20":{"start":{"line":84,"column":4},"end":{"line":84,"column":35}},"21":{"start":{"line":85,"column":4},"end":{"line":85,"column":34}},"22":{"start":{"line":88,"column":4},"end":{"line":88,"column":87}},"23":{"start":{"line":90,"column":4},"end":{"line":90,"column":37}},"24":{"start":{"line":91,"column":4},"end":{"line":91,"column":51}},"25":{"start":{"line":93,"column":4},"end":{"line":93,"column":76}},"26":{"start":{"line":95,"column":4},"end":{"line":95,"column":77}},"27":{"start":{"line":97,"column":4},"end":{"line":97,"column":43}},"28":{"start":{"line":99,"column":4},"end":{"line":99,"column":88}},"29":{"start":{"line":104,"column":4},"end":{"line":104,"column":27}},"30":{"start":{"line":105,"column":4},"end":{"line":105,"column":59}},"31":{"start":{"line":107,"column":4},"end":{"line":107,"column":38}},"32":{"start":{"line":109,"column":4},"end":{"line":109,"column":29}},"33":{"start":{"line":114,"column":4},"end":{"line":114,"column":27}},"34":{"start":{"line":115,"column":4},"end":{"line":115,"column":50}},"35":{"start":{"line":116,"column":4},"end":{"line":116,"column":48}},"36":{"start":{"line":117,"column":4},"end":{"line":117,"column":56}},"37":{"start":{"line":119,"column":4},"end":{"line":119,"column":39}},"38":{"start":{"line":121,"column":4},"end":{"line":121,"column":32}},"39":{"start":{"line":126,"column":4},"end":{"line":126,"column":27}},"40":{"start":{"line":128,"column":4},"end":{"line":128,"column":37}},"41":{"start":{"line":129,"column":4},"end":{"line":129,"column":39}},"42":{"start":{"line":131,"column":4},"end":{"line":131,"column":73}},"43":{"start":{"line":132,"column":4},"end":{"line":132,"column":4221}},"44":{"start":{"line":135,"column":4},"end":{"line":135,"column":28}},"45":{"start":{"line":140,"column":4},"end":{"line":140,"column":47}}},"branchMap":{"1":{"line":25,"type":"if","locations":[{"start":{"line":25,"column":4},"end":{"line":25,"column":4}},{"start":{"line":25,"column":4},"end":{"line":25,"column":4}}]},"2":{"line":40,"type":"if","locations":[{"start":{"line":40,"column":4},"end":{"line":40,"column":4}},{"start":{"line":40,"column":4},"end":{"line":40,"column":4}}]},"3":{"line":41,"type":"if","locations":[{"start":{"line":41,"column":4},"end":{"line":41,"column":4}},{"start":{"line":41,"column":4},"end":{"line":41,"column":4}}]},"4":{"line":45,"type":"if","locations":[{"start":{"line":45,"column":4},"end":{"line":45,"column":4}},{"start":{"line":45,"column":4},"end":{"line":45,"column":4}}]},"5":{"line":46,"type":"if","locations":[{"start":{"line":46,"column":4},"end":{"line":46,"column":4}},{"start":{"line":46,"column":4},"end":{"line":46,"column":4}}]},"6":{"line":47,"type":"if","locations":[{"start":{"line":47,"column":4},"end":{"line":47,"column":4}},{"start":{"line":47,"column":4},"end":{"line":47,"column":4}}]},"7":{"line":61,"type":"if","locations":[{"start":{"line":61,"column":4},"end":{"line":61,"column":4}},{"start":{"line":61,"column":4},"end":{"line":61,"column":4}}]},"8":{"line":62,"type":"if","locations":[{"start":{"line":62,"column":4},"end":{"line":62,"column":4}},{"start":{"line":62,"column":4},"end":{"line":62,"column":4}}]},"9":{"line":66,"type":"if","locations":[{"start":{"line":66,"column":4},"end":{"line":66,"column":4}},{"start":{"line":66,"column":4},"end":{"line":66,"column":4}}]},"10":{"line":67,"type":"if","locations":[{"start":{"line":67,"column":4},"end":{"line":67,"column":4}},{"start":{"line":67,"column":4},"end":{"line":67,"column":4}}]},"11":{"line":68,"type":"if","locations":[{"start":{"line":68,"column":4},"end":{"line":68,"column":4}},{"start":{"line":68,"column":4},"end":{"line":68,"column":4}}]},"12":{"line":84,"type":"if","locations":[{"start":{"line":84,"column":4},"end":{"line":84,"column":4}},{"start":{"line":84,"column":4},"end":{"line":84,"column":4}}]},"13":{"line":85,"type":"if","locations":[{"start":{"line":85,"column":4},"end":{"line":85,"column":4}},{"start":{"line":85,"column":4},"end":{"line":85,"column":4}}]},"14":{"line":90,"type":"if","locations":[{"start":{"line":90,"column":4},"end":{"line":90,"column":4}},{"start":{"line":90,"column":4},"end":{"line":90,"column":4}}]},"15":{"line":91,"type":"if","locations":[{"start":{"line":91,"column":4},"end":{"line":91,"column":4}},{"start":{"line":91,"column":4},"end":{"line":91,"column":4}}]},"16":{"line":104,"type":"if","locations":[{"start":{"line":104,"column":4},"end":{"line":104,"column":4}},{"start":{"line":104,"column":4},"end":{"line":104,"column":4}}]},"17":{"line":105,"type":"if","locations":[{"start":{"line":105,"column":4},"end":{"line":105,"column":4}},{"start":{"line":105,"column":4},"end":{"line":105,"column":4}}]},"18":{"line":114,"type":"if","locations":[{"start":{"line":114,"column":4},"end":{"line":114,"column":4}},{"start":{"line":114,"column":4},"end":{"line":114,"column":4}}]},"19":{"line":115,"type":"if","locations":[{"start":{"line":115,"column":4},"end":{"line":115,"column":4}},{"start":{"line":115,"column":4},"end":{"line":115,"column":4}}]},"20":{"line":116,"type":"if","locations":[{"start":{"line":116,"column":4},"end":{"line":116,"column":4}},{"start":{"line":116,"column":4},"end":{"line":116,"column":4}}]},"21":{"line":117,"type":"if","locations":[{"start":{"line":117,"column":4},"end":{"line":117,"column":4}},{"start":{"line":117,"column":4},"end":{"line":117,"column":4}}]},"22":{"line":126,"type":"if","locations":[{"start":{"line":126,"column":4},"end":{"line":126,"column":4}},{"start":{"line":126,"column":4},"end":{"line":126,"column":4}}]}}},"contracts/dapp/Fundraiser.sol":{"l":{"68":1,"76":1,"77":1,"79":1,"81":1,"83":1,"85":1,"97":1,"106":1,"107":1,"109":1,"110":1,"111":1,"113":1,"115":1,"129":1,"137":1,"139":1,"141":1,"143":1,"156":0,"158":0,"159":0,"160":0,"162":0,"167":0,"168":0,"169":0,"170":0,"171":0,"172":0,"174":0,"179":0,"180":0,"196":0,"198":0,"199":0,"200":0,"201":0,"202":0,"203":0,"218":0,"220":0,"221":0,"222":0,"223":0,"224":0,"238":0,"240":0,"241":0,"242":0,"243":0,"244":0,"253":0,"263":0,"267":0,"271":0},"path":"/home/hayek/proj/fundraiser_audit/contracts/dapp/Fundraiser.sol","s":{"1":1,"2":1,"3":1,"4":1,"5":1,"6":1,"7":1,"8":1,"9":1,"10":1,"11":1,"12":1,"13":1,"14":1,"15":1,"16":1,"17":1,"18":1,"19":1,"20":0,"21":0,"22":0,"23":0,"24":0,"25":0,"26":0,"27":0,"28":0,"29":0,"30":0,"31":0,"32":0,"33":0,"34":0,"35":0,"36":0,"37":0,"38":0,"39":0,"40":0,"41":0,"42":0,"43":0,"44":0,"45":0,"46":0,"47":0,"48":0,"49":0,"50":0,"51":0,"52":0,"53":0,"54":0,"55":0},"b":{"1":[0,0],"2":[0,0],"3":[0,0],"4":[0,0],"5":[0,0]},"f":{"1":1,"2":1,"3":1,"4":0,"5":0,"6":0,"7":0,"8":0,"9":0,"10":0,"11":0,"12":0,"13":0},"fnMap":{"1":{"name":"_createToken","line":58,"loc":{"start":{"line":58,"column":2},"end":{"line":67,"column":3}}},"2":{"name":"_createCampaign","line":89,"loc":{"start":{"line":89,"column":2},"end":{"line":96,"column":3}}},"3":{"name":"_createCertificate","line":119,"loc":{"start":{"line":119,"column":2},"end":{"line":127,"column":3}}},"4":{"name":"_updateCertificate","line":147,"loc":{"start":{"line":147,"column":2},"end":{"line":155,"column":3}}},"5":{"name":"withdrawCampaignBalance","line":166,"loc":{"start":{"line":166,"column":2},"end":{"line":166,"column":62}}},"6":{"name":"changeMaxCertificates","line":178,"loc":{"start":{"line":178,"column":2},"end":{"line":178,"column":75}}},"7":{"name":"getCampaign","line":184,"loc":{"start":{"line":184,"column":2},"end":{"line":195,"column":5}}},"8":{"name":"getCertificate","line":206,"loc":{"start":{"line":206,"column":2},"end":{"line":216,"column":4}}},"9":{"name":"getToken","line":227,"loc":{"start":{"line":227,"column":2},"end":{"line":237,"column":4}}},"10":{"name":"getTotalCampaignsForOwner","line":247,"loc":{"start":{"line":247,"column":2},"end":{"line":252,"column":4}}},"11":{"name":"getCampaignIdByOwnerIndex","line":256,"loc":{"start":{"line":256,"column":2},"end":{"line":262,"column":4}}},"12":{"name":"totalCampaigns","line":266,"loc":{"start":{"line":266,"column":2},"end":{"line":266,"column":57}}},"13":{"name":"getCampaignBalance","line":270,"loc":{"start":{"line":270,"column":2},"end":{"line":270,"column":80}}}},"statementMap":{"1":{"start":{"line":68,"column":4},"end":{"line":68,"column":2388}},"2":{"start":{"line":76,"column":4},"end":{"line":76,"column":83}},"3":{"start":{"line":77,"column":4},"end":{"line":77,"column":82}},"4":{"start":{"line":79,"column":4},"end":{"line":79,"column":43}},"5":{"start":{"line":81,"column":4},"end":{"line":81,"column":28}},"6":{"start":{"line":83,"column":4},"end":{"line":83,"column":52}},"7":{"start":{"line":85,"column":4},"end":{"line":85,"column":21}},"8":{"start":{"line":97,"column":4},"end":{"line":97,"column":3074}},"9":{"start":{"line":106,"column":4},"end":{"line":106,"column":52}},"10":{"start":{"line":107,"column":4},"end":{"line":107,"column":39}},"11":{"start":{"line":109,"column":4},"end":{"line":109,"column":47}},"12":{"start":{"line":111,"column":4},"end":{"line":111,"column":83}},"13":{"start":{"line":113,"column":4},"end":{"line":113,"column":40}},"14":{"start":{"line":115,"column":4},"end":{"line":115,"column":24}},"15":{"start":{"line":129,"column":4},"end":{"line":129,"column":3834}},"16":{"start":{"line":137,"column":4},"end":{"line":137,"column":82}},"17":{"start":{"line":139,"column":4},"end":{"line":139,"column":87}},"18":{"start":{"line":141,"column":4},"end":{"line":141,"column":40}},"19":{"start":{"line":143,"column":4},"end":{"line":143,"column":27}},"20":{"start":{"line":156,"column":4},"end":{"line":156,"column":67}},"21":{"start":{"line":158,"column":4},"end":{"line":158,"column":70}},"22":{"start":{"line":159,"column":4},"end":{"line":159,"column":66}},"23":{"start":{"line":160,"column":4},"end":{"line":160,"column":68}},"24":{"start":{"line":162,"column":4},"end":{"line":162,"column":50}},"25":{"start":{"line":167,"column":4},"end":{"line":167,"column":27}},"26":{"start":{"line":168,"column":4},"end":{"line":168,"column":59}},"27":{"start":{"line":169,"column":4},"end":{"line":169,"column":44}},"28":{"start":{"line":170,"column":4},"end":{"line":170,"column":50}},"29":{"start":{"line":171,"column":4},"end":{"line":171,"column":35}},"30":{"start":{"line":174,"column":4},"end":{"line":174,"column":41}},"31":{"start":{"line":179,"column":4},"end":{"line":179,"column":36}},"32":{"start":{"line":180,"column":4},"end":{"line":180,"column":37}},"33":{"start":{"line":196,"column":4},"end":{"line":196,"column":45}},"34":{"start":{"line":198,"column":4},"end":{"line":198,"column":25}},"35":{"start":{"line":199,"column":4},"end":{"line":199,"column":39}},"36":{"start":{"line":200,"column":4},"end":{"line":200,"column":25}},"37":{"start":{"line":201,"column":4},"end":{"line":201,"column":27}},"38":{"start":{"line":202,"column":4},"end":{"line":202,"column":23}},"39":{"start":{"line":203,"column":4},"end":{"line":203,"column":25}},"40":{"start":{"line":218,"column":4},"end":{"line":218,"column":87}},"41":{"start":{"line":220,"column":4},"end":{"line":220,"column":47}},"42":{"start":{"line":221,"column":4},"end":{"line":221,"column":38}},"43":{"start":{"line":222,"column":4},"end":{"line":222,"column":44}},"44":{"start":{"line":223,"column":4},"end":{"line":223,"column":26}},"45":{"start":{"line":224,"column":4},"end":{"line":224,"column":37}},"46":{"start":{"line":238,"column":4},"end":{"line":238,"column":36}},"47":{"start":{"line":240,"column":4},"end":{"line":240,"column":41}},"48":{"start":{"line":241,"column":4},"end":{"line":241,"column":31}},"49":{"start":{"line":242,"column":4},"end":{"line":242,"column":41}},"50":{"start":{"line":243,"column":4},"end":{"line":243,"column":39}},"51":{"start":{"line":244,"column":4},"end":{"line":244,"column":49}},"52":{"start":{"line":253,"column":4},"end":{"line":253,"column":46}},"53":{"start":{"line":263,"column":4},"end":{"line":263,"column":46}},"54":{"start":{"line":267,"column":4},"end":{"line":267,"column":34}},"55":{"start":{"line":271,"column":4},"end":{"line":271,"column":39}}},"branchMap":{"1":{"line":156,"type":"if","locations":[{"start":{"line":156,"column":4},"end":{"line":156,"column":4}},{"start":{"line":156,"column":4},"end":{"line":156,"column":4}}]},"2":{"line":167,"type":"if","locations":[{"start":{"line":167,"column":4},"end":{"line":167,"column":4}},{"start":{"line":167,"column":4},"end":{"line":167,"column":4}}]},"3":{"line":168,"type":"if","locations":[{"start":{"line":168,"column":4},"end":{"line":168,"column":4}},{"start":{"line":168,"column":4},"end":{"line":168,"column":4}}]},"4":{"line":169,"type":"if","locations":[{"start":{"line":169,"column":4},"end":{"line":169,"column":4}},{"start":{"line":169,"column":4},"end":{"line":169,"column":4}}]},"5":{"line":179,"type":"if","locations":[{"start":{"line":179,"column":4},"end":{"line":179,"column":4}},{"start":{"line":179,"column":4},"end":{"line":179,"column":4}}]}}},"contracts/mocks/ERC721.mock.sol":{"l":{"13":0,"17":0},"path":"/home/hayek/proj/fundraiser_audit/contracts/mocks/ERC721.mock.sol","s":{},"b":{},"f":{"1":0,"2":0,"3":0},"fnMap":{"1":{"name":"ERC721TokenMock","line":10,"loc":{"start":{"line":10,"column":2},"end":{"line":10,"column":49}}},"2":{"name":"mint","line":12,"loc":{"start":{"line":12,"column":2},"end":{"line":12,"column":53}}},"3":{"name":"burn","line":16,"loc":{"start":{"line":16,"column":2},"end":{"line":16,"column":40}}}},"statementMap":{},"branchMap":{}},"contracts/token/ERC721/ERC721.sol":{"l":{},"path":"/home/hayek/proj/fundraiser_audit/contracts/token/ERC721/ERC721.sol","s":{},"b":{},"f":{},"fnMap":{},"statementMap":{},"branchMap":{}},"contracts/token/ERC721/ERC721Token.sol":{"l":{"33":0,"34":0,"42":0,"51":1,"60":0,"69":0,"70":0,"71":0,"80":0,"89":0,"98":0,"99":0,"100":0,"101":0,"102":0,"111":0,"112":0,"121":1,"122":1,"123":1,"131":0,"132":0,"134":0,"135":0,"146":0,"156":0,"157":0,"158":0,"160":0,"161":0,"162":0,"163":0,"171":0,"172":0,"173":0,"182":1,"183":1,"184":1,"185":1,"186":1,"187":1,"196":0,"198":0,"199":0,"200":0,"202":0,"203":0,"204":0,"209":0,"210":0,"211":0,"212":0},"path":"/home/hayek/proj/fundraiser_audit/contracts/token/ERC721/ERC721Token.sol","s":{"1":0,"2":0,"3":1,"4":0,"5":0,"6":0,"7":0,"8":0,"9":0,"10":0,"11":0,"12":0,"13":0,"14":0,"15":0,"16":0,"17":1,"18":1,"19":1,"20":0,"21":0,"22":0,"23":0,"24":0,"25":0,"26":0,"27":0,"28":0,"29":0,"30":0,"31":0,"32":0,"33":0,"34":0,"35":1,"36":1,"37":1,"38":1,"39":1,"40":0,"41":0,"42":0,"43":0,"44":0,"45":0,"46":0,"47":0,"48":0,"49":0},"b":{"1":[0,0],"2":[0,0],"3":[0,0],"4":[0,0],"5":[0,0],"6":[1,0],"7":[0,0],"8":[0,0],"9":[0,0],"10":[0,0],"11":[0,0],"12":[1,0],"13":[0,0]},"f":{"1":0,"2":0,"3":1,"4":0,"5":0,"6":0,"7":0,"8":0,"9":0,"10":1,"11":0,"12":0,"13":0,"14":0,"15":1,"16":0},"fnMap":{"1":{"name":"onlyOwnerOf","line":32,"loc":{"start":{"line":32,"column":2},"end":{"line":32,"column":40}}},"2":{"name":"totalSupply","line":41,"loc":{"start":{"line":41,"column":2},"end":{"line":41,"column":54}}},"3":{"name":"balanceOf","line":50,"loc":{"start":{"line":50,"column":2},"end":{"line":50,"column":66}}},"4":{"name":"tokensOf","line":59,"loc":{"start":{"line":59,"column":2},"end":{"line":59,"column":67}}},"5":{"name":"ownerOf","line":68,"loc":{"start":{"line":68,"column":2},"end":{"line":68,"column":66}}},"6":{"name":"approvedFor","line":79,"loc":{"start":{"line":79,"column":2},"end":{"line":79,"column":70}}},"7":{"name":"transfer","line":88,"loc":{"start":{"line":88,"column":2},"end":{"line":88,"column":79}}},"8":{"name":"approve","line":97,"loc":{"start":{"line":97,"column":2},"end":{"line":97,"column":78}}},"9":{"name":"takeOwnership","line":110,"loc":{"start":{"line":110,"column":2},"end":{"line":110,"column":49}}},"10":{"name":"_mint","line":120,"loc":{"start":{"line":120,"column":2},"end":{"line":120,"column":56}}},"11":{"name":"_burn","line":130,"loc":{"start":{"line":130,"column":2},"end":{"line":130,"column":65}}},"12":{"name":"isApprovedFor","line":145,"loc":{"start":{"line":145,"column":2},"end":{"line":145,"column":87}}},"13":{"name":"clearApprovalAndTransfer","line":155,"loc":{"start":{"line":155,"column":2},"end":{"line":155,"column":90}}},"14":{"name":"clearApproval","line":170,"loc":{"start":{"line":170,"column":2},"end":{"line":170,"column":66}}},"15":{"name":"addToken","line":181,"loc":{"start":{"line":181,"column":2},"end":{"line":181,"column":58}}},"16":{"name":"removeToken","line":195,"loc":{"start":{"line":195,"column":2},"end":{"line":195,"column":63}}}},"statementMap":{"1":{"start":{"line":33,"column":4},"end":{"line":33,"column":43}},"2":{"start":{"line":42,"column":4},"end":{"line":42,"column":22}},"3":{"start":{"line":51,"column":4},"end":{"line":51,"column":37}},"4":{"start":{"line":60,"column":4},"end":{"line":60,"column":30}},"5":{"start":{"line":69,"column":4},"end":{"line":69,"column":39}},"6":{"start":{"line":70,"column":4},"end":{"line":70,"column":31}},"7":{"start":{"line":71,"column":4},"end":{"line":71,"column":16}},"8":{"start":{"line":80,"column":4},"end":{"line":80,"column":35}},"9":{"start":{"line":89,"column":4},"end":{"line":89,"column":54}},"10":{"start":{"line":98,"column":4},"end":{"line":98,"column":36}},"11":{"start":{"line":99,"column":4},"end":{"line":99,"column":24}},"12":{"start":{"line":100,"column":4},"end":{"line":100,"column":3274}},"13":{"start":{"line":101,"column":6},"end":{"line":101,"column":35}},"14":{"start":{"line":102,"column":6},"end":{"line":102,"column":35}},"15":{"start":{"line":111,"column":4},"end":{"line":111,"column":47}},"16":{"start":{"line":112,"column":4},"end":{"line":112,"column":68}},"17":{"start":{"line":121,"column":4},"end":{"line":121,"column":29}},"18":{"start":{"line":122,"column":4},"end":{"line":122,"column":26}},"19":{"start":{"line":123,"column":4},"end":{"line":123,"column":31}},"20":{"start":{"line":131,"column":4},"end":{"line":131,"column":4244}},"21":{"start":{"line":132,"column":6},"end":{"line":132,"column":40}},"22":{"start":{"line":134,"column":4},"end":{"line":134,"column":36}},"23":{"start":{"line":135,"column":4},"end":{"line":135,"column":38}},"24":{"start":{"line":146,"column":4},"end":{"line":146,"column":42}},"25":{"start":{"line":156,"column":4},"end":{"line":156,"column":29}},"26":{"start":{"line":157,"column":4},"end":{"line":157,"column":36}},"27":{"start":{"line":158,"column":4},"end":{"line":158,"column":38}},"28":{"start":{"line":160,"column":4},"end":{"line":160,"column":33}},"29":{"start":{"line":161,"column":4},"end":{"line":161,"column":31}},"30":{"start":{"line":162,"column":4},"end":{"line":162,"column":26}},"31":{"start":{"line":163,"column":4},"end":{"line":163,"column":33}},"32":{"start":{"line":171,"column":4},"end":{"line":171,"column":39}},"33":{"start":{"line":172,"column":4},"end":{"line":172,"column":31}},"34":{"start":{"line":173,"column":4},"end":{"line":173,"column":32}},"35":{"start":{"line":182,"column":4},"end":{"line":182,"column":46}},"36":{"start":{"line":183,"column":4},"end":{"line":183,"column":29}},"37":{"start":{"line":184,"column":4},"end":{"line":184,"column":34}},"38":{"start":{"line":186,"column":4},"end":{"line":186,"column":38}},"39":{"start":{"line":187,"column":4},"end":{"line":187,"column":35}},"40":{"start":{"line":196,"column":4},"end":{"line":196,"column":38}},"41":{"start":{"line":198,"column":4},"end":{"line":198,"column":50}},"42":{"start":{"line":199,"column":4},"end":{"line":199,"column":51}},"43":{"start":{"line":200,"column":4},"end":{"line":200,"column":57}},"44":{"start":{"line":202,"column":4},"end":{"line":202,"column":27}},"45":{"start":{"line":203,"column":4},"end":{"line":203,"column":45}},"46":{"start":{"line":204,"column":4},"end":{"line":204,"column":41}},"47":{"start":{"line":210,"column":4},"end":{"line":210,"column":33}},"48":{"start":{"line":211,"column":4},"end":{"line":211,"column":43}},"49":{"start":{"line":212,"column":4},"end":{"line":212,"column":35}}},"branchMap":{"1":{"line":33,"type":"if","locations":[{"start":{"line":33,"column":4},"end":{"line":33,"column":4}},{"start":{"line":33,"column":4},"end":{"line":33,"column":4}}]},"2":{"line":70,"type":"if","locations":[{"start":{"line":70,"column":4},"end":{"line":70,"column":4}},{"start":{"line":70,"column":4},"end":{"line":70,"column":4}}]},"3":{"line":99,"type":"if","locations":[{"start":{"line":99,"column":4},"end":{"line":99,"column":4}},{"start":{"line":99,"column":4},"end":{"line":99,"column":4}}]},"4":{"line":100,"type":"if","locations":[{"start":{"line":100,"column":4},"end":{"line":100,"column":4}},{"start":{"line":100,"column":4},"end":{"line":100,"column":4}}]},"5":{"line":111,"type":"if","locations":[{"start":{"line":111,"column":4},"end":{"line":111,"column":4}},{"start":{"line":111,"column":4},"end":{"line":111,"column":4}}]},"6":{"line":121,"type":"if","locations":[{"start":{"line":121,"column":4},"end":{"line":121,"column":4}},{"start":{"line":121,"column":4},"end":{"line":121,"column":4}}]},"7":{"line":131,"type":"if","locations":[{"start":{"line":131,"column":4},"end":{"line":131,"column":4}},{"start":{"line":131,"column":4},"end":{"line":131,"column":4}}]},"8":{"line":156,"type":"if","locations":[{"start":{"line":156,"column":4},"end":{"line":156,"column":4}},{"start":{"line":156,"column":4},"end":{"line":156,"column":4}}]},"9":{"line":157,"type":"if","locations":[{"start":{"line":157,"column":4},"end":{"line":157,"column":4}},{"start":{"line":157,"column":4},"end":{"line":157,"column":4}}]},"10":{"line":158,"type":"if","locations":[{"start":{"line":158,"column":4},"end":{"line":158,"column":4}},{"start":{"line":158,"column":4},"end":{"line":158,"column":4}}]},"11":{"line":171,"type":"if","locations":[{"start":{"line":171,"column":4},"end":{"line":171,"column":4}},{"start":{"line":171,"column":4},"end":{"line":171,"column":4}}]},"12":{"line":182,"type":"if","locations":[{"start":{"line":182,"column":4},"end":{"line":182,"column":4}},{"start":{"line":182,"column":4},"end":{"line":182,"column":4}}]},"13":{"line":196,"type":"if","locations":[{"start":{"line":196,"column":4},"end":{"line":196,"column":4}},{"start":{"line":196,"column":4},"end":{"line":196,"column":4}}]}}},"contracts/util/Ownable.sol":{"l":{"21":1,"28":0,"29":0,"37":0,"38":0,"39":0},"path":"/home/hayek/proj/fundraiser_audit/contracts/util/Ownable.sol","s":{"1":1,"2":0,"3":0,"4":0,"5":0},"b":{"1":[0,0],"2":[0,0]},"f":{"1":1,"2":0,"3":0},"fnMap":{"1":{"name":"Ownable","line":20,"loc":{"start":{"line":20,"column":2},"end":{"line":20,"column":27}}},"2":{"name":"onlyOwner","line":27,"loc":{"start":{"line":27,"column":2},"end":{"line":27,"column":22}}},"3":{"name":"transferOwnership","line":36,"loc":{"start":{"line":36,"column":2},"end":{"line":36,"column":63}}}},"statementMap":{"1":{"start":{"line":21,"column":4},"end":{"line":21,"column":21}},"2":{"start":{"line":28,"column":4},"end":{"line":28,"column":31}},"3":{"start":{"line":37,"column":4},"end":{"line":37,"column":34}},"4":{"start":{"line":38,"column":4},"end":{"line":38,"column":40}},"5":{"start":{"line":39,"column":4},"end":{"line":39,"column":19}}},"branchMap":{"1":{"line":28,"type":"if","locations":[{"start":{"line":28,"column":4},"end":{"line":28,"column":4}},{"start":{"line":28,"column":4},"end":{"line":28,"column":4}}]},"2":{"line":37,"type":"if","locations":[{"start":{"line":37,"column":4},"end":{"line":37,"column":4}},{"start":{"line":37,"column":4},"end":{"line":37,"column":4}}]}}},"contracts/util/SafeMath.sol":{"l":{"14":0,"15":0,"17":0,"18":0,"19":0,"27":0,"29":0,"36":2,"37":2,"44":3,"45":3,"46":3},"path":"/home/hayek/proj/fundraiser_audit/contracts/util/SafeMath.sol","s":{"1":0,"2":0,"3":0,"4":0,"5":0,"6":0,"7":0,"8":2,"9":2,"10":3,"11":3,"12":3},"b":{"1":[0,0],"2":[0,0],"3":[2,0],"4":[3,0]},"f":{"1":0,"2":0,"3":2,"4":3},"fnMap":{"1":{"name":"mul","line":13,"loc":{"start":{"line":13,"column":2},"end":{"line":13,"column":68}}},"2":{"name":"div","line":25,"loc":{"start":{"line":25,"column":2},"end":{"line":25,"column":68}}},"3":{"name":"sub","line":35,"loc":{"start":{"line":35,"column":2},"end":{"line":35,"column":68}}},"4":{"name":"add","line":43,"loc":{"start":{"line":43,"column":2},"end":{"line":43,"column":68}}}},"statementMap":{"1":{"start":{"line":14,"column":4},"end":{"line":14,"column":281}},"2":{"start":{"line":15,"column":6},"end":{"line":15,"column":14}},"3":{"start":{"line":17,"column":4},"end":{"line":17,"column":20}},"4":{"start":{"line":18,"column":4},"end":{"line":18,"column":21}},"5":{"start":{"line":19,"column":4},"end":{"line":19,"column":12}},"6":{"start":{"line":27,"column":4},"end":{"line":27,"column":20}},"7":{"start":{"line":29,"column":4},"end":{"line":29,"column":12}},"8":{"start":{"line":36,"column":4},"end":{"line":36,"column":17}},"9":{"start":{"line":37,"column":4},"end":{"line":37,"column":16}},"10":{"start":{"line":44,"column":4},"end":{"line":44,"column":20}},"11":{"start":{"line":45,"column":4},"end":{"line":45,"column":17}},"12":{"start":{"line":46,"column":4},"end":{"line":46,"column":12}}},"branchMap":{"1":{"line":14,"type":"if","locations":[{"start":{"line":14,"column":4},"end":{"line":14,"column":4}},{"start":{"line":14,"column":4},"end":{"line":14,"column":4}}]},"2":{"line":18,"type":"if","locations":[{"start":{"line":18,"column":4},"end":{"line":18,"column":4}},{"start":{"line":18,"column":4},"end":{"line":18,"column":4}}]},"3":{"line":36,"type":"if","locations":[{"start":{"line":36,"column":4},"end":{"line":36,"column":4}},{"start":{"line":36,"column":4},"end":{"line":36,"column":4}}]},"4":{"line":45,"type":"if","locations":[{"start":{"line":45,"column":4},"end":{"line":45,"column":4}},{"start":{"line":45,"column":4},"end":{"line":45,"column":4}}]}}}}